C:\FUNK\COURSES\CS429\ASSNS\COS426_ASSIGNMENT1\SRC\DEBUG\JPEG.LIB
C:\Funk\courses\cs429\assns\cos426_assignment1\src\jpeg\Debug\cl.command.1.tlog
C:\Funk\courses\cs429\assns\cos426_assignment1\src\jpeg\Debug\CL.read.1.tlog
C:\Funk\courses\cs429\assns\cos426_assignment1\src\jpeg\Debug\CL.write.1.tlog
C:\FUNK\COURSES\CS429\ASSNS\COS426_ASSIGNMENT1\SRC\JPEG\DEBUG\JCAPIMIN.OBJ
C:\FUNK\COURSES\CS429\ASSNS\COS426_ASSIGNMENT1\SRC\JPEG\DEBUG\JCAPISTD.OBJ
C:\FUNK\COURSES\CS429\ASSNS\COS426_ASSIGNMENT1\SRC\JPEG\DEBUG\JCCOEFCT.OBJ
C:\FUNK\COURSES\CS429\ASSNS\COS426_ASSIGNMENT1\SRC\JPEG\DEBUG\JCCOLOR.OBJ
C:\FUNK\COURSES\CS429\ASSNS\COS426_ASSIGNMENT1\SRC\JPEG\DEBUG\JCDCTMGR.OBJ
C:\FUNK\COURSES\CS429\ASSNS\COS426_ASSIGNMENT1\SRC\JPEG\DEBUG\JCHUFF.OBJ
C:\FUNK\COURSES\CS429\ASSNS\COS426_ASSIGNMENT1\SRC\JPEG\DEBUG\JCINIT.OBJ
C:\FUNK\COURSES\CS429\ASSNS\COS426_ASSIGNMENT1\SRC\JPEG\DEBUG\JCMAINCT.OBJ
C:\FUNK\COURSES\CS429\ASSNS\COS426_ASSIGNMENT1\SRC\JPEG\DEBUG\JCMARKER.OBJ
C:\FUNK\COURSES\CS429\ASSNS\COS426_ASSIGNMENT1\SRC\JPEG\DEBUG\JCMASTER.OBJ
C:\FUNK\COURSES\CS429\ASSNS\COS426_ASSIGNMENT1\SRC\JPEG\DEBUG\JCOMAPI.OBJ
C:\FUNK\COURSES\CS429\ASSNS\COS426_ASSIGNMENT1\SRC\JPEG\DEBUG\JCPARAM.OBJ
C:\FUNK\COURSES\CS429\ASSNS\COS426_ASSIGNMENT1\SRC\JPEG\DEBUG\JCPHUFF.OBJ
C:\FUNK\COURSES\CS429\ASSNS\COS426_ASSIGNMENT1\SRC\JPEG\DEBUG\JCPREPCT.OBJ
C:\FUNK\COURSES\CS429\ASSNS\COS426_ASSIGNMENT1\SRC\JPEG\DEBUG\JCSAMPLE.OBJ
C:\FUNK\COURSES\CS429\ASSNS\COS426_ASSIGNMENT1\SRC\JPEG\DEBUG\JCTRANS.OBJ
C:\FUNK\COURSES\CS429\ASSNS\COS426_ASSIGNMENT1\SRC\JPEG\DEBUG\JDAPIMIN.OBJ
C:\FUNK\COURSES\CS429\ASSNS\COS426_ASSIGNMENT1\SRC\JPEG\DEBUG\JDAPISTD.OBJ
C:\FUNK\COURSES\CS429\ASSNS\COS426_ASSIGNMENT1\SRC\JPEG\DEBUG\JDATADST.OBJ
C:\FUNK\COURSES\CS429\ASSNS\COS426_ASSIGNMENT1\SRC\JPEG\DEBUG\JDATASRC.OBJ
C:\FUNK\COURSES\CS429\ASSNS\COS426_ASSIGNMENT1\SRC\JPEG\DEBUG\JDCOEFCT.OBJ
C:\FUNK\COURSES\CS429\ASSNS\COS426_ASSIGNMENT1\SRC\JPEG\DEBUG\JDCOLOR.OBJ
C:\FUNK\COURSES\CS429\ASSNS\COS426_ASSIGNMENT1\SRC\JPEG\DEBUG\JDDCTMGR.OBJ
C:\FUNK\COURSES\CS429\ASSNS\COS426_ASSIGNMENT1\SRC\JPEG\DEBUG\JDHUFF.OBJ
C:\FUNK\COURSES\CS429\ASSNS\COS426_ASSIGNMENT1\SRC\JPEG\DEBUG\JDINPUT.OBJ
C:\FUNK\COURSES\CS429\ASSNS\COS426_ASSIGNMENT1\SRC\JPEG\DEBUG\JDMAINCT.OBJ
C:\FUNK\COURSES\CS429\ASSNS\COS426_ASSIGNMENT1\SRC\JPEG\DEBUG\JDMARKER.OBJ
C:\FUNK\COURSES\CS429\ASSNS\COS426_ASSIGNMENT1\SRC\JPEG\DEBUG\JDMASTER.OBJ
C:\FUNK\COURSES\CS429\ASSNS\COS426_ASSIGNMENT1\SRC\JPEG\DEBUG\JDMERGE.OBJ
C:\FUNK\COURSES\CS429\ASSNS\COS426_ASSIGNMENT1\SRC\JPEG\DEBUG\JDPHUFF.OBJ
C:\FUNK\COURSES\CS429\ASSNS\COS426_ASSIGNMENT1\SRC\JPEG\DEBUG\JDPOSTCT.OBJ
C:\FUNK\COURSES\CS429\ASSNS\COS426_ASSIGNMENT1\SRC\JPEG\DEBUG\JDSAMPLE.OBJ
C:\FUNK\COURSES\CS429\ASSNS\COS426_ASSIGNMENT1\SRC\JPEG\DEBUG\JDTRANS.OBJ
C:\FUNK\COURSES\CS429\ASSNS\COS426_ASSIGNMENT1\SRC\JPEG\DEBUG\JERROR.OBJ
C:\FUNK\COURSES\CS429\ASSNS\COS426_ASSIGNMENT1\SRC\JPEG\DEBUG\JFDCTFLT.OBJ
C:\FUNK\COURSES\CS429\ASSNS\COS426_ASSIGNMENT1\SRC\JPEG\DEBUG\JFDCTFST.OBJ
C:\FUNK\COURSES\CS429\ASSNS\COS426_ASSIGNMENT1\SRC\JPEG\DEBUG\JFDCTINT.OBJ
C:\FUNK\COURSES\CS429\ASSNS\COS426_ASSIGNMENT1\SRC\JPEG\DEBUG\JIDCTFLT.OBJ
C:\FUNK\COURSES\CS429\ASSNS\COS426_ASSIGNMENT1\SRC\JPEG\DEBUG\JIDCTFST.OBJ
C:\FUNK\COURSES\CS429\ASSNS\COS426_ASSIGNMENT1\SRC\JPEG\DEBUG\JIDCTINT.OBJ
C:\FUNK\COURSES\CS429\ASSNS\COS426_ASSIGNMENT1\SRC\JPEG\DEBUG\JIDCTRED.OBJ
C:\FUNK\COURSES\CS429\ASSNS\COS426_ASSIGNMENT1\SRC\JPEG\DEBUG\JMEMMGR.OBJ
C:\FUNK\COURSES\CS429\ASSNS\COS426_ASSIGNMENT1\SRC\JPEG\DEBUG\JMEMNOBS.OBJ
C:\FUNK\COURSES\CS429\ASSNS\COS426_ASSIGNMENT1\SRC\JPEG\DEBUG\JQUANT1.OBJ
C:\FUNK\COURSES\CS429\ASSNS\COS426_ASSIGNMENT1\SRC\JPEG\DEBUG\JQUANT2.OBJ
C:\FUNK\COURSES\CS429\ASSNS\COS426_ASSIGNMENT1\SRC\JPEG\DEBUG\JUTILS.OBJ
C:\Funk\courses\cs429\assns\cos426_assignment1\src\jpeg\Debug\lib.command.1.tlog
C:\Funk\courses\cs429\assns\cos426_assignment1\src\jpeg\Debug\Lib-link.read.1.tlog
C:\Funk\courses\cs429\assns\cos426_assignment1\src\jpeg\Debug\Lib-link.write.1.tlog
C:\Funk\courses\cs429\assns\cos426_assignment1\src\jpeg\Debug\vc100.idb
C:\FUNK\COURSES\CS429\ASSNS\COS426_ASSIGNMENT1\SRC\JPEG\DEBUG\VC100.PDB
